<?xml version="1.0" encoding="UTF-8"?>
<testng-results ignored="0" total="1" passed="1" failed="0" skipped="0">
  <reporter-output>
  </reporter-output>
  <suite started-at="2025-09-14T09:32:04 IST" name="Default suite" finished-at="2025-09-14T09:32:36 IST" duration-ms="31283">
    <groups>
    </groups>
    <test started-at="2025-09-14T09:32:04 IST" name="Default test" finished-at="2025-09-14T09:32:36 IST" duration-ms="31283">
      <class name="ShopperStack_TestSCripts.TC_02_VerifyUserAbleToDeleteAddressOrNot">
        <test-method is-config="true" signature="beforeSuite()[pri:0, instance:ShopperStack_TestSCripts.TC_02_VerifyUserAbleToDeleteAddressOrNot@55b7a4e0]" started-at="2025-09-14T09:32:04 IST" name="beforeSuite" finished-at="2025-09-14T09:32:04 IST" duration-ms="0" status="PASS">
          <reporter-output>
          </reporter-output>
        </test-method> <!-- beforeSuite -->
        <test-method is-config="true" signature="beforeTest()[pri:0, instance:ShopperStack_TestSCripts.TC_02_VerifyUserAbleToDeleteAddressOrNot@55b7a4e0]" started-at="2025-09-14T09:32:04 IST" name="beforeTest" finished-at="2025-09-14T09:32:04 IST" duration-ms="211" status="PASS">
          <reporter-output>
          </reporter-output>
        </test-method> <!-- beforeTest -->
        <test-method is-config="true" signature="beforeClass()[pri:0, instance:ShopperStack_TestSCripts.TC_02_VerifyUserAbleToDeleteAddressOrNot@55b7a4e0]" started-at="2025-09-14T09:32:04 IST" name="beforeClass" finished-at="2025-09-14T09:32:08 IST" duration-ms="3345" status="PASS">
          <reporter-output>
          </reporter-output>
        </test-method> <!-- beforeClass -->
        <test-method is-config="true" signature="beforeMethod()[pri:0, instance:ShopperStack_TestSCripts.TC_02_VerifyUserAbleToDeleteAddressOrNot@55b7a4e0]" started-at="2025-09-14T09:32:08 IST" name="beforeMethod" finished-at="2025-09-14T09:32:26 IST" duration-ms="17756" status="PASS">
          <reporter-output>
          </reporter-output>
        </test-method> <!-- beforeMethod -->
        <test-method signature="deleteaddress()[pri:0, instance:ShopperStack_TestSCripts.TC_02_VerifyUserAbleToDeleteAddressOrNot@55b7a4e0]" started-at="2025-09-14T09:32:26 IST" name="deleteaddress" finished-at="2025-09-14T09:32:32 IST" duration-ms="5965" status="PASS">
          <reporter-output>
          </reporter-output>
        </test-method> <!-- deleteaddress -->
        <test-method is-config="true" signature="afterMethod()[pri:0, instance:ShopperStack_TestSCripts.TC_02_VerifyUserAbleToDeleteAddressOrNot@55b7a4e0]" started-at="2025-09-14T09:32:32 IST" name="afterMethod" finished-at="2025-09-14T09:32:32 IST" duration-ms="210" status="PASS">
          <reporter-output>
          </reporter-output>
        </test-method> <!-- afterMethod -->
        <test-method is-config="true" signature="afterClass()[pri:0, instance:ShopperStack_TestSCripts.TC_02_VerifyUserAbleToDeleteAddressOrNot@55b7a4e0]" started-at="2025-09-14T09:32:32 IST" name="afterClass" finished-at="2025-09-14T09:32:35 IST" duration-ms="3315" status="PASS">
          <reporter-output>
          </reporter-output>
        </test-method> <!-- afterClass -->
        <test-method is-config="true" signature="afterTest()[pri:0, instance:ShopperStack_TestSCripts.TC_02_VerifyUserAbleToDeleteAddressOrNot@55b7a4e0]" started-at="2025-09-14T09:32:35 IST" name="afterTest" finished-at="2025-09-14T09:32:36 IST" duration-ms="469" status="PASS">
          <reporter-output>
          </reporter-output>
        </test-method> <!-- afterTest -->
      </class> <!-- ShopperStack_TestSCripts.TC_02_VerifyUserAbleToDeleteAddressOrNot -->
    </test> <!-- Default test -->
  </suite> <!-- Default suite -->
</testng-results>
