<?xml version="1.0" encoding="UTF-8"?>
<!-- Generated by org.testng.reporters.JUnitReportReporter -->
<testsuite hostname="Apoorva" failures="0" tests="1" name="ShopperStack_TestSCripts.TC_01_VerifyUserAbleToAddAddressOrNot" time="17.106" errors="0" timestamp="2025-09-14T09:27:41 IST" skipped="0">
  <testcase classname="ShopperStack_TestSCripts.TC_01_VerifyUserAbleToAddAddressOrNot" name="addAddress" time="17.106"/>
  <system-out/>
</testsuite> <!-- ShopperStack_TestSCripts.TC_01_VerifyUserAbleToAddAddressOrNot -->
