<?xml version="1.0" encoding="UTF-8"?>
<!-- Generated by org.testng.reporters.JUnitReportReporter -->
<testsuite hostname="Apoorva" failures="0" tests="1" name="ShopperStack_TestSCripts.TC_02_VerifyUserAbleToDeleteAddressOrNot" time="23.931" errors="0" timestamp="2025-09-14T09:32:36 IST" skipped="0">
  <testcase classname="ShopperStack_TestSCripts.TC_02_VerifyUserAbleToDeleteAddressOrNot" name="deleteaddress" time="23.931"/>
  <system-out/>
</testsuite> <!-- ShopperStack_TestSCripts.TC_02_VerifyUserAbleToDeleteAddressOrNot -->
